[2022-02-24 09:41:59.976] [exthost] [info] Extension host with pid 33397 started
[2022-02-24 09:41:59.976] [exthost] [info] ExtensionService#_doActivateExtension vscode.microsoft-authentication, startup: false, activationEvent: 'onAuthenticationRequest:microsoft'
[2022-02-24 09:41:59.976] [exthost] [info] ExtensionService#_doActivateExtension vscode.debug-auto-launch, startup: true, activationEvent: '*'
[2022-02-24 09:41:59.976] [exthost] [info] ExtensionService#_doActivateExtension vscode.git-base, startup: true, activationEvent: '*', root cause: vscode.github
[2022-02-24 09:41:59.976] [exthost] [info] ExtensionService#_doActivateExtension vscode.git, startup: true, activationEvent: '*'
[2022-02-24 09:41:59.976] [exthost] [info] ExtensionService#_doActivateExtension vscode.github, startup: true, activationEvent: '*'
[2022-02-24 09:42:00.058] [exthost] [info] ExtensionService#_doActivateExtension vscode.github-authentication, startup: false, activationEvent: 'onAuthenticationRequest:github'
[2022-02-24 09:42:00.484] [exthost] [info] Eager extensions activated
[2022-02-24 09:42:00.507] [exthost] [info] ExtensionService#_doActivateExtension vscode.emmet, startup: false, activationEvent: 'onStartupFinished'
[2022-02-24 09:42:00.533] [exthost] [info] ExtensionService#_doActivateExtension vscode.merge-conflict, startup: false, activationEvent: 'onStartupFinished'
[2022-02-24 09:42:21.983] [exthost] [info] extension host terminating: renderer closed the socket
[2022-02-24 09:42:21.993] [exthost] [info] Extension host with pid 33397 exiting with code 0
[2022-02-24 09:42:23.917] [exthost] [info] Extension host with pid 33589 started
[2022-02-24 09:42:23.917] [exthost] [info] Skipping acquiring lock for /home/caesar/Desktop/kuber1/~/.vscode-root/User/workspaceStorage/0c5b593bfc6aa37d9e8162c4c086316e.
[2022-02-24 09:42:24.009] [exthost] [info] ExtensionService#_doActivateExtension vscode.microsoft-authentication, startup: false, activationEvent: 'onAuthenticationRequest:microsoft'
[2022-02-24 09:42:24.026] [exthost] [info] ExtensionService#_doActivateExtension vscode.debug-auto-launch, startup: true, activationEvent: '*'
[2022-02-24 09:42:24.028] [exthost] [info] ExtensionService#_doActivateExtension vscode.git-base, startup: true, activationEvent: '*', root cause: vscode.github
[2022-02-24 09:42:24.060] [exthost] [info] ExtensionService#_doActivateExtension vscode.github, startup: true, activationEvent: '*'
[2022-02-24 09:42:24.087] [exthost] [info] Eager extensions activated
[2022-02-24 09:42:24.091] [exthost] [info] ExtensionService#_doActivateExtension vscode.emmet, startup: false, activationEvent: 'onStartupFinished'
[2022-02-24 09:42:24.097] [exthost] [info] ExtensionService#_doActivateExtension vscode.merge-conflict, startup: false, activationEvent: 'onStartupFinished'
[2022-02-24 09:42:24.129] [exthost] [info] ExtensionService#_doActivateExtension vscode.github-authentication, startup: false, activationEvent: 'onAuthenticationRequest:github'
[2022-02-24 09:42:24.489] [exthost] [info] ExtensionService#_doActivateExtension vscode.git, startup: false, activationEvent: 'api', root cause: vscode.github
[2022-02-24 09:42:24.689] [exthost] [warning] [Decorations] CAPPING events from decorations provider vscode.git 261
[2022-02-24 09:42:26.931] [exthost] [warning] [Decorations] CAPPING events from decorations provider vscode.git 261
[2022-02-24 09:42:32.016] [exthost] [warning] [Decorations] CAPPING events from decorations provider vscode.git 263
[2022-02-24 09:42:37.092] [exthost] [warning] [Decorations] CAPPING events from decorations provider vscode.git 263
[2022-02-24 09:42:42.181] [exthost] [warning] [Decorations] CAPPING events from decorations provider vscode.git 263
[2022-02-24 09:42:54.283] [exthost] [warning] [Decorations] CAPPING events from decorations provider vscode.git 263
[2022-02-24 09:42:59.368] [exthost] [warning] [Decorations] CAPPING events from decorations provider vscode.git 263
[2022-02-24 09:43:17.647] [exthost] [warning] [Decorations] CAPPING events from decorations provider vscode.git 263
[2022-02-24 09:43:22.736] [exthost] [warning] [Decorations] CAPPING events from decorations provider vscode.git 263
[2022-02-24 09:43:27.810] [exthost] [warning] [Decorations] CAPPING events from decorations provider vscode.git 263
[2022-02-24 09:43:32.895] [exthost] [warning] [Decorations] CAPPING events from decorations provider vscode.git 263
[2022-02-24 09:43:51.969] [exthost] [warning] [Decorations] CAPPING events from decorations provider vscode.git 263
[2022-02-24 09:43:57.050] [exthost] [warning] [Decorations] CAPPING events from decorations provider vscode.git 263
[2022-02-24 09:46:40.386] [exthost] [warning] [Decorations] CAPPING events from decorations provider vscode.git 263
[2022-02-24 09:46:45.873] [exthost] [warning] [Decorations] CAPPING events from decorations provider vscode.git 263
[2022-02-24 09:46:45.959] [exthost] [warning] [Decorations] CAPPING events from decorations provider vscode.git 263
[2022-02-24 09:46:51.048] [exthost] [warning] [Decorations] CAPPING events from decorations provider vscode.git 263
[2022-02-24 09:46:56.140] [exthost] [warning] [Decorations] CAPPING events from decorations provider vscode.git 263
[2022-02-24 09:47:05.569] [exthost] [warning] [Decorations] CAPPING events from decorations provider vscode.git 263
[2022-02-24 09:47:10.652] [exthost] [warning] [Decorations] CAPPING events from decorations provider vscode.git 263
[2022-02-24 09:47:15.745] [exthost] [warning] [Decorations] CAPPING events from decorations provider vscode.git 263
[2022-02-24 09:47:15.765] [exthost] [info] extension host terminating: renderer closed the socket
[2022-02-24 09:47:15.777] [exthost] [info] Extension host with pid 33589 exiting with code 0
